<?xml version="1.0" encoding="UTF-8"?>
<!-- Generated by org.testng.reporters.JUnitXMLReporter -->
<testsuite ignored="2" hostname="LAPTOP-IIBVRVE9" failures="0" tests="0" time="0.018" errors="0" timestamp="2025-10-24T13:44:28 IST">
  <testcase classname="Framework.Framework.SubmitOrderTest" name="orderHistory" time="0.0">
    <ignored/>
  </testcase> <!-- orderHistory -->
  <testcase classname="Framework.Framework.SubmitOrderTest" name="addToCart" time="0.0">
    <ignored/>
  </testcase> <!-- addToCart -->
</testsuite>
